
 /----------------------------------------------------------------------------\
 |                                                                            |
 |  yosys -- Yosys Open SYnthesis Suite                                       |
 |                                                                            |
 |  Copyright (C) 2012 - 2020  Claire Xenia Wolf <claire@yosyshq.com>         |
 |                                                                            |
 |  Permission to use, copy, modify, and/or distribute this software for any  |
 |  purpose with or without fee is hereby granted, provided that the above    |
 |  copyright notice and this permission notice appear in all copies.         |
 |                                                                            |
 |  THE SOFTWARE IS PROVIDED "AS IS" AND THE AUTHOR DISCLAIMS ALL WARRANTIES  |
 |  WITH REGARD TO THIS SOFTWARE INCLUDING ALL IMPLIED WARRANTIES OF          |
 |  MERCHANTABILITY AND FITNESS. IN NO EVENT SHALL THE AUTHOR BE LIABLE FOR   |
 |  ANY SPECIAL, DIRECT, INDIRECT, OR CONSEQUENTIAL DAMAGES OR ANY DAMAGES    |
 |  WHATSOEVER RESULTING FROM LOSS OF USE, DATA OR PROFITS, WHETHER IN AN     |
 |  ACTION OF CONTRACT, NEGLIGENCE OR OTHER TORTIOUS ACTION, ARISING OUT OF   |
 |  OR IN CONNECTION WITH THE USE OR PERFORMANCE OF THIS SOFTWARE.            |
 |                                                                            |
 \----------------------------------------------------------------------------/

 Yosys 0.33 (git sha1 2584903a060)


-- Executing script file `/home/elfo/Documents/ELEC5705/A3/project_synthesis_experiment/block_outputs/sense_force.ys' --

1. Executing Verilog-2005 frontend: /home/elfo/Documents/ELEC5705/Project/rtl/sense_force.sv
Parsing SystemVerilog input from `/home/elfo/Documents/ELEC5705/Project/rtl/sense_force.sv' to AST representation.
Generating RTLIL representation for module `\sense_force'.
Successfully finished Verilog frontend.

2. Executing HIERARCHY pass (managing design hierarchy).

2.1. Analyzing design hierarchy..
Top module:  \sense_force

2.2. Analyzing design hierarchy..
Top module:  \sense_force
Removed 0 unused modules.

3. Executing PROC pass (convert processes to netlists).

3.1. Executing PROC_CLEAN pass (remove empty switches from decision trees).
Cleaned up 0 empty switches.

3.2. Executing PROC_RMDEAD pass (remove dead branches from decision trees).
Marked 3 switch rules as full_case in process $proc$/home/elfo/Documents/ELEC5705/Project/rtl/sense_force.sv:11$1 in module sense_force.
Removed a total of 0 dead cases.

3.3. Executing PROC_PRUNE pass (remove redundant assignments in processes).
Removed 0 redundant assignments.
Promoted 4 assignments to connections.

3.4. Executing PROC_INIT pass (extract init attributes).

3.5. Executing PROC_ARST pass (detect async resets in processes).

3.6. Executing PROC_ROM pass (convert switches to ROMs).
Converted 0 switches.
<suppressed ~3 debug messages>

3.7. Executing PROC_MUX pass (convert decision trees to multiplexers).
Creating decoders for process `\sense_force.$proc$/home/elfo/Documents/ELEC5705/Project/rtl/sense_force.sv:11$1'.
     1/11: $3\ab_sel[0:0]
     2/11: $3\channel[2:0]
     3/11: $3\cal_active[0:0]
     4/11: $2\ab_sel[0:0]
     5/11: $2\channel[2:0]
     6/11: $2\cal_mode_comp[0:0]
     7/11: $2\cal_active[0:0]
     8/11: $1\ab_sel[0:0]
     9/11: $1\channel[2:0]
    10/11: $1\cal_mode_comp[0:0]
    11/11: $1\cal_active[0:0]

3.8. Executing PROC_DLATCH pass (convert process syncs to latches).
No latch inferred for signal `\sense_force.\cal_active' from process `\sense_force.$proc$/home/elfo/Documents/ELEC5705/Project/rtl/sense_force.sv:11$1'.
No latch inferred for signal `\sense_force.\cal_mode_comp' from process `\sense_force.$proc$/home/elfo/Documents/ELEC5705/Project/rtl/sense_force.sv:11$1'.
No latch inferred for signal `\sense_force.\channel' from process `\sense_force.$proc$/home/elfo/Documents/ELEC5705/Project/rtl/sense_force.sv:11$1'.
No latch inferred for signal `\sense_force.\ab_sel' from process `\sense_force.$proc$/home/elfo/Documents/ELEC5705/Project/rtl/sense_force.sv:11$1'.

3.9. Executing PROC_DFF pass (convert process syncs to FFs).

3.10. Executing PROC_MEMWR pass (convert process memory writes to cells).

3.11. Executing PROC_CLEAN pass (remove empty switches from decision trees).
Found and cleaned up 3 empty switches in `\sense_force.$proc$/home/elfo/Documents/ELEC5705/Project/rtl/sense_force.sv:11$1'.
Removing empty process `sense_force.$proc$/home/elfo/Documents/ELEC5705/Project/rtl/sense_force.sv:11$1'.
Cleaned up 3 empty switches.

3.12. Executing OPT_EXPR pass (perform const folding).
Optimizing module sense_force.

4. Executing OPT pass (performing simple optimizations).

4.1. Executing OPT_EXPR pass (perform const folding).
Optimizing module sense_force.

4.2. Executing OPT_MERGE pass (detect identical cells).
Finding identical cells in module `\sense_force'.
<suppressed ~39 debug messages>
Removed a total of 13 cells.

4.3. Executing OPT_MUXTREE pass (detect dead branches in mux trees).
Running muxtree optimizer on module \sense_force..
  Creating internal representation of mux trees.
  Evaluating internal representation of mux trees.
  Analyzing evaluation results.
    dead port 1/2 on $mux $procmux$47.
    dead port 2/2 on $mux $procmux$31.
    dead port 1/2 on $mux $procmux$29.
    dead port 2/2 on $mux $procmux$73.
    dead port 2/2 on $mux $procmux$67.
    dead port 2/2 on $mux $procmux$15.
    dead port 1/2 on $mux $procmux$13.
    dead port 2/2 on $mux $procmux$61.
    dead port 2/2 on $mux $procmux$55.
    dead port 2/2 on $mux $procmux$49.
Removed 10 multiplexer ports.
<suppressed ~4 debug messages>

4.4. Executing OPT_REDUCE pass (consolidate $*mux and $reduce_* inputs).
  Optimizing cells in module \sense_force.
    New ctrl vector for $pmux cell $procmux$35: $auto$opt_reduce.cc:134:opt_pmux$88
    New ctrl vector for $pmux cell $procmux$19: { $auto$opt_reduce.cc:134:opt_pmux$96 $auto$opt_reduce.cc:134:opt_pmux$94 $auto$opt_reduce.cc:134:opt_pmux$92 $auto$opt_reduce.cc:134:opt_pmux$90 }
    New ctrl vector for $pmux cell $procmux$6: $auto$opt_reduce.cc:134:opt_pmux$98
  Optimizing cells in module \sense_force.
Performed a total of 3 changes.

4.5. Executing OPT_MERGE pass (detect identical cells).
Finding identical cells in module `\sense_force'.
Removed a total of 0 cells.

4.6. Executing OPT_DFF pass (perform DFF optimizations).

4.7. Executing OPT_CLEAN pass (remove unused cells and wires).
Finding unused cells or wires in module \sense_force..
Removed 0 unused cells and 60 unused wires.
<suppressed ~1 debug messages>

4.8. Executing OPT_EXPR pass (perform const folding).
Optimizing module sense_force.

4.9. Rerunning OPT passes. (Maybe there is more to do..)

4.10. Executing OPT_MUXTREE pass (detect dead branches in mux trees).
Running muxtree optimizer on module \sense_force..
  Creating internal representation of mux trees.
  Evaluating internal representation of mux trees.
  Analyzing evaluation results.
Removed 0 multiplexer ports.
<suppressed ~4 debug messages>

4.11. Executing OPT_REDUCE pass (consolidate $*mux and $reduce_* inputs).
  Optimizing cells in module \sense_force.
Performed a total of 0 changes.

4.12. Executing OPT_MERGE pass (detect identical cells).
Finding identical cells in module `\sense_force'.
Removed a total of 0 cells.

4.13. Executing OPT_DFF pass (perform DFF optimizations).

4.14. Executing OPT_CLEAN pass (remove unused cells and wires).
Finding unused cells or wires in module \sense_force..

4.15. Executing OPT_EXPR pass (perform const folding).
Optimizing module sense_force.

4.16. Finished OPT passes. (There is nothing left to do.)

5. Executing FSM pass (extract and optimize FSM).

5.1. Executing FSM_DETECT pass (finding FSMs in design).

5.2. Executing FSM_EXTRACT pass (extracting FSM from design).

5.3. Executing FSM_OPT pass (simple optimizations of FSMs).

5.4. Executing OPT_CLEAN pass (remove unused cells and wires).
Finding unused cells or wires in module \sense_force..

5.5. Executing FSM_OPT pass (simple optimizations of FSMs).

5.6. Executing FSM_RECODE pass (re-assigning FSM state encoding).

5.7. Executing FSM_INFO pass (dumping all available information on FSM cells).

5.8. Executing FSM_MAP pass (mapping FSMs to basic logic).

6. Executing OPT pass (performing simple optimizations).

6.1. Executing OPT_EXPR pass (perform const folding).
Optimizing module sense_force.

6.2. Executing OPT_MERGE pass (detect identical cells).
Finding identical cells in module `\sense_force'.
Removed a total of 0 cells.

6.3. Executing OPT_MUXTREE pass (detect dead branches in mux trees).
Running muxtree optimizer on module \sense_force..
  Creating internal representation of mux trees.
  Evaluating internal representation of mux trees.
  Analyzing evaluation results.
Removed 0 multiplexer ports.
<suppressed ~4 debug messages>

6.4. Executing OPT_REDUCE pass (consolidate $*mux and $reduce_* inputs).
  Optimizing cells in module \sense_force.
Performed a total of 0 changes.

6.5. Executing OPT_MERGE pass (detect identical cells).
Finding identical cells in module `\sense_force'.
Removed a total of 0 cells.

6.6. Executing OPT_DFF pass (perform DFF optimizations).

6.7. Executing OPT_CLEAN pass (remove unused cells and wires).
Finding unused cells or wires in module \sense_force..

6.8. Executing OPT_EXPR pass (perform const folding).
Optimizing module sense_force.

6.9. Finished OPT passes. (There is nothing left to do.)

7. Executing MEMORY pass.

7.1. Executing OPT_MEM pass (optimize memories).
Performed a total of 0 transformations.

7.2. Executing OPT_MEM_PRIORITY pass (removing unnecessary memory write priority relations).
Performed a total of 0 transformations.

7.3. Executing OPT_MEM_FEEDBACK pass (finding memory read-to-write feedback paths).

7.4. Executing MEMORY_BMUX2ROM pass (converting muxes to ROMs).

7.5. Executing MEMORY_DFF pass (merging $dff cells to $memrd).

7.6. Executing OPT_CLEAN pass (remove unused cells and wires).
Finding unused cells or wires in module \sense_force..

7.7. Executing MEMORY_SHARE pass (consolidating $memrd/$memwr cells).

7.8. Executing OPT_MEM_WIDEN pass (optimize memories where all ports are wide).
Performed a total of 0 transformations.

7.9. Executing OPT_CLEAN pass (remove unused cells and wires).
Finding unused cells or wires in module \sense_force..

7.10. Executing MEMORY_COLLECT pass (generating $mem cells).

7.11. Executing MEMORY_MAP pass (converting memories to logic and flip-flops).

8. Executing OPT pass (performing simple optimizations).

8.1. Executing OPT_EXPR pass (perform const folding).
Optimizing module sense_force.

8.2. Executing OPT_MERGE pass (detect identical cells).
Finding identical cells in module `\sense_force'.
Removed a total of 0 cells.

8.3. Executing OPT_MUXTREE pass (detect dead branches in mux trees).
Running muxtree optimizer on module \sense_force..
  Creating internal representation of mux trees.
  Evaluating internal representation of mux trees.
  Analyzing evaluation results.
Removed 0 multiplexer ports.
<suppressed ~4 debug messages>

8.4. Executing OPT_REDUCE pass (consolidate $*mux and $reduce_* inputs).
  Optimizing cells in module \sense_force.
Performed a total of 0 changes.

8.5. Executing OPT_MERGE pass (detect identical cells).
Finding identical cells in module `\sense_force'.
Removed a total of 0 cells.

8.6. Executing OPT_DFF pass (perform DFF optimizations).

8.7. Executing OPT_CLEAN pass (remove unused cells and wires).
Finding unused cells or wires in module \sense_force..

8.8. Executing OPT_EXPR pass (perform const folding).
Optimizing module sense_force.

8.9. Finished OPT passes. (There is nothing left to do.)

9. Executing TECHMAP pass (map to technology primitives).

9.1. Executing Verilog-2005 frontend: /home/elfo/Documents/ELEC5705/A3/synthesis_experiment/local_tools/yosys_pkg/usr/bin/../share/yosys/techmap.v
Parsing Verilog input from `/home/elfo/Documents/ELEC5705/A3/synthesis_experiment/local_tools/yosys_pkg/usr/bin/../share/yosys/techmap.v' to AST representation.
Generating RTLIL representation for module `\_90_simplemap_bool_ops'.
Generating RTLIL representation for module `\_90_simplemap_reduce_ops'.
Generating RTLIL representation for module `\_90_simplemap_logic_ops'.
Generating RTLIL representation for module `\_90_simplemap_compare_ops'.
Generating RTLIL representation for module `\_90_simplemap_various'.
Generating RTLIL representation for module `\_90_simplemap_registers'.
Generating RTLIL representation for module `\_90_shift_ops_shr_shl_sshl_sshr'.
Generating RTLIL representation for module `\_90_shift_shiftx'.
Generating RTLIL representation for module `\_90_fa'.
Generating RTLIL representation for module `\_90_lcu'.
Generating RTLIL representation for module `\_90_alu'.
Generating RTLIL representation for module `\_90_macc'.
Generating RTLIL representation for module `\_90_alumacc'.
Generating RTLIL representation for module `\$__div_mod_u'.
Generating RTLIL representation for module `\$__div_mod_trunc'.
Generating RTLIL representation for module `\_90_div'.
Generating RTLIL representation for module `\_90_mod'.
Generating RTLIL representation for module `\$__div_mod_floor'.
Generating RTLIL representation for module `\_90_divfloor'.
Generating RTLIL representation for module `\_90_modfloor'.
Generating RTLIL representation for module `\_90_pow'.
Generating RTLIL representation for module `\_90_pmux'.
Generating RTLIL representation for module `\_90_demux'.
Generating RTLIL representation for module `\_90_lut'.
Successfully finished Verilog frontend.

9.2. Continuing TECHMAP pass.
Using extmapper simplemap for cells of type $eq.
Using extmapper simplemap for cells of type $reduce_or.
Using extmapper simplemap for cells of type $mux.
Using template $paramod$d31bf4d7d72e59528d18fbd4f322e9d608532043\_90_pmux for cells of type $pmux.
Using extmapper simplemap for cells of type $and.
No more expansions possible.
<suppressed ~124 debug messages>

10. Executing OPT pass (performing simple optimizations).

10.1. Executing OPT_EXPR pass (perform const folding).
Optimizing module sense_force.
<suppressed ~111 debug messages>

10.2. Executing OPT_MERGE pass (detect identical cells).
Finding identical cells in module `\sense_force'.
<suppressed ~216 debug messages>
Removed a total of 72 cells.

10.3. Executing OPT_MUXTREE pass (detect dead branches in mux trees).
Running muxtree optimizer on module \sense_force..
  Creating internal representation of mux trees.
  No muxes found in this module.
Removed 0 multiplexer ports.

10.4. Executing OPT_REDUCE pass (consolidate $*mux and $reduce_* inputs).
  Optimizing cells in module \sense_force.
Performed a total of 0 changes.

10.5. Executing OPT_MERGE pass (detect identical cells).
Finding identical cells in module `\sense_force'.
Removed a total of 0 cells.

10.6. Executing OPT_DFF pass (perform DFF optimizations).

10.7. Executing OPT_CLEAN pass (remove unused cells and wires).
Finding unused cells or wires in module \sense_force..
Removed 1 unused cells and 101 unused wires.
<suppressed ~2 debug messages>

10.8. Executing OPT_EXPR pass (perform const folding).
Optimizing module sense_force.

10.9. Rerunning OPT passes. (Maybe there is more to do..)

10.10. Executing OPT_MUXTREE pass (detect dead branches in mux trees).
Running muxtree optimizer on module \sense_force..
  Creating internal representation of mux trees.
  No muxes found in this module.
Removed 0 multiplexer ports.

10.11. Executing OPT_REDUCE pass (consolidate $*mux and $reduce_* inputs).
  Optimizing cells in module \sense_force.
Performed a total of 0 changes.

10.12. Executing OPT_MERGE pass (detect identical cells).
Finding identical cells in module `\sense_force'.
Removed a total of 0 cells.

10.13. Executing OPT_DFF pass (perform DFF optimizations).

10.14. Executing OPT_CLEAN pass (remove unused cells and wires).
Finding unused cells or wires in module \sense_force..

10.15. Executing OPT_EXPR pass (perform const folding).
Optimizing module sense_force.

10.16. Finished OPT passes. (There is nothing left to do.)

11. Executing ABC pass (technology mapping using ABC).

11.1. Extracting gate netlist of module `\sense_force' to `<abc-temp-dir>/input.blif'..
Extracted 87 gates and 99 wires to a netlist network with 10 inputs and 6 outputs.

11.1.1. Executing ABC.
Running ABC command: "<yosys-exe-dir>/yosys-abc" -s -f <abc-temp-dir>/abc.script 2>&1
ABC: ABC command line: "source <abc-temp-dir>/abc.script".
ABC: 
ABC: + read_blif <abc-temp-dir>/input.blif 
ABC: + read_library <abc-temp-dir>/stdcells.genlib 
ABC: Entered genlib library with 8 gates from file "<abc-temp-dir>/stdcells.genlib".
ABC: + strash 
ABC: + &get -n 
ABC: + &fraig -x 
ABC: + &put 
ABC: + scorr 
ABC: Warning: The network is combinational (run "fraig" or "fraig_sweep").
ABC: + dc2 
ABC: + dretime 
ABC: + strash 
ABC: + &get -n 
ABC: + &dch -f 
ABC: + &nf 
ABC: + &put 
ABC: + write_blif <abc-temp-dir>/output.blif 

11.1.2. Re-integrating ABC results.
ABC RESULTS:               NOT cells:        9
ABC RESULTS:                OR cells:       16
ABC RESULTS:               AND cells:       40
ABC RESULTS:        internal signals:       83
ABC RESULTS:           input signals:       10
ABC RESULTS:          output signals:        6
Removing temp directory.

12. Executing OPT_CLEAN pass (remove unused cells and wires).
Finding unused cells or wires in module \sense_force..
Removed 0 unused cells and 81 unused wires.
<suppressed ~1 debug messages>

13. Printing statistics.

=== sense_force ===

   Number of wires:                 66
   Number of wire bits:             90
   Number of public wires:           7
   Number of public wire bits:      31
   Number of memories:               0
   Number of memory bits:            0
   Number of processes:              0
   Number of cells:                 65
     $_AND_                         40
     $_NOT_                          9
     $_OR_                          16

14. Executing JSON backend.

15. Executing Verilog backend.

15.1. Executing BMUXMAP pass.

15.2. Executing DEMUXMAP pass.
Dumping module `\sense_force'.

16. Generating Graphviz representation of design.
Writing dot description to `/home/elfo/Documents/ELEC5705/A3/project_synthesis_experiment/block_outputs/sense_force.dot'.
Dumping module sense_force to page 1.

End of script. Logfile hash: da72de4b2b, CPU: user 0.04s system 0.00s, MEM: 13.27 MB peak
Yosys 0.33 (git sha1 2584903a060)
Time spent: 52% 1x abc (0 sec), 12% 11x opt_expr (0 sec), ...
